e:\ip-51\4 course\8 semester\compilators\consolecompiler\consolecompiler\debug\consolecompiler.pch
e:\ip-51\4 course\8 semester\compilators\consolecompiler\consolecompiler\debug\vc141.pdb
e:\ip-51\4 course\8 semester\compilators\consolecompiler\consolecompiler\debug\vc141.idb
e:\ip-51\4 course\8 semester\compilators\consolecompiler\consolecompiler\debug\pch.obj
e:\ip-51\4 course\8 semester\compilators\consolecompiler\consolecompiler\debug\consolecompiler.obj
e:\ip-51\4 course\8 semester\compilators\consolecompiler\consolecompiler\debug\assignment.obj
e:\ip-51\4 course\8 semester\compilators\consolecompiler\consolecompiler\debug\parse.obj
e:\ip-51\4 course\8 semester\compilators\consolecompiler\consolecompiler\debug\node.obj
e:\ip-51\4 course\8 semester\compilators\consolecompiler\consolecompiler\debug\syntaxparse.obj
e:\ip-51\4 course\8 semester\compilators\consolecompiler\consolecompiler\debug\standartfunction.obj
e:\ip-51\4 course\8 semester\compilators\consolecompiler\consolecompiler\debug\variable.obj
e:\ip-51\4 course\8 semester\compilators\consolecompiler\consolecompiler\debug\program.obj
e:\ip-51\4 course\8 semester\compilators\consolecompiler\consolecompiler\debug\loops.obj
e:\ip-51\4 course\8 semester\compilators\consolecompiler\consolecompiler\debug\function.obj
e:\ip-51\4 course\8 semester\compilators\consolecompiler\consolecompiler\debug\element.obj
e:\ip-51\4 course\8 semester\compilators\consolecompiler\consolecompiler\debug\createvariable.obj
e:\ip-51\4 course\8 semester\compilators\consolecompiler\consolecompiler\debug\condition.obj
e:\ip-51\4 course\8 semester\compilators\consolecompiler\debug\consolecompiler.exe
e:\ip-51\4 course\8 semester\compilators\consolecompiler\debug\consolecompiler.ilk
e:\ip-51\4 course\8 semester\compilators\consolecompiler\debug\consolecompiler.pdb
e:\ip-51\4 course\8 semester\compilators\consolecompiler\consolecompiler\debug\consolecompiler.tlog\cl.command.1.tlog
e:\ip-51\4 course\8 semester\compilators\consolecompiler\consolecompiler\debug\consolecompiler.tlog\cl.read.1.tlog
e:\ip-51\4 course\8 semester\compilators\consolecompiler\consolecompiler\debug\consolecompiler.tlog\cl.write.1.tlog
e:\ip-51\4 course\8 semester\compilators\consolecompiler\consolecompiler\debug\consolecompiler.tlog\link.command.1.tlog
e:\ip-51\4 course\8 semester\compilators\consolecompiler\consolecompiler\debug\consolecompiler.tlog\link.read.1.tlog
e:\ip-51\4 course\8 semester\compilators\consolecompiler\consolecompiler\debug\consolecompiler.tlog\link.write.1.tlog
